 
****************************************
Report : area
Design : FLT
Version: M-2016.12
Date   : Fri Dec  6 10:54:13 2019
****************************************

Library(s) Used:

    saed90nm_typ (File: /work/global/brg/install/adk-pkgs/saed-90nm/pkgs/SAED_EDK90nm_01252011/SAED_EDK90nm/Digital_Standard_cell_Library/synopsys/models/saed90nm_typ.db)

Number of ports:                          631
Number of nets:                         20806
Number of cells:                        17732
Number of combinational cells:          17259
Number of sequential cells:               464
Number of macros/black boxes:               0
Number of buf/inv:                       1910
Number of references:                      53

Combinational area:             203626.599750
Buf/Inv area:                    10562.457874
Noncombinational area:           14854.349022
Macro/Black Box area:                0.000000
Net Interconnect area:           42727.485104

Total cell area:                218480.948772
Total area:                     261208.433876

The above information was reported from the logical library. The following are from the physical library:

Hierarchical area distribution
------------------------------

                                  Global cell area              Local cell area
                                  --------------------  ------------------------------- 
Hierarchical cell                 Absolute     Percent  Combi-       Noncombi-   Black-
                                  Total        Total    national     national    boxes   Design
--------------------------------  -----------  -------  -----------  ----------  ------  -----------------
FLT                               218480.9488    100.0  202839.5533   7080.6529  0.0000  FLT
FF_DIV_OUT                           822.9888      0.4     210.1248    612.8640  0.0000  FF_DATA_WIDTH20
FF_FLT_IN                            774.1440      0.4       0.0000    774.1440  0.0000  FF_DATA_WIDTH24
FF_a2_minus                         1382.4000      0.6     350.2080   1032.1920  0.0000  FF_DATA_WIDTH32_4
FF_cos_OUT                           822.9888      0.4     210.1248    612.8640  0.0000  FF_DATA_WIDTH19_1
FF_sin_OUT                           612.8640      0.3       0.0000    612.8640  0.0000  FF_DATA_WIDTH19_0
FF_x1                               1048.7808      0.5      16.5888   1032.1920  0.0000  FF_DATA_WIDTH32_3
FF_x2                               1032.1920      0.5       0.0000   1032.1920  0.0000  FF_DATA_WIDTH32_2
FF_y1                               1032.1920      0.5       0.0000   1032.1920  0.0000  FF_DATA_WIDTH32_1
FF_y2                               1032.1920      0.5       0.0000   1032.1920  0.0000  FF_DATA_WIDTH32_0
--------------------------------  -----------  -------  -----------  ----------  ------  -----------------
Total                                                   203626.5998  14854.3490  0.0000

1
