Information: Updating design information... (UID-85)
 
****************************************
Report : timing
        -path full
        -delay max
        -max_paths 5
Design : FLT
Version: M-2016.12
Date   : Fri Dec  6 10:42:22 2019
****************************************

Operating Conditions: TYPICAL   Library: saed90nm_typ
Wire Load Model Mode: enclosed

  Startpoint: parameter_memory_reg[2][2]
              (rising edge-triggered flip-flop clocked by Clk_CI)
  Endpoint: FF_sin_OUT/Q_DO_reg[17]
            (rising edge-triggered flip-flop clocked by Clk_CI)
  Path Group: Clk_CI
  Path Type: max

  Des/Clust/Port     Wire Load Model       Library
  ------------------------------------------------
  FLT                280000                saed90nm_typ

  Point                                                   Incr       Path
  --------------------------------------------------------------------------
  clock Clk_CI (rise edge)                                0.00       0.00
  clock network delay (ideal)                             0.00       0.00
  parameter_memory_reg[2][2]/CLK (DFFASX1)                0.00       0.00 r
  parameter_memory_reg[2][2]/Q (DFFASX1)                  0.24       0.24 r
  intadd_6/U30/CO (FADDX1)                                4.41       4.65 r
  intadd_6/U29/CO (FADDX1)                                2.06       6.71 r
  intadd_6/U28/CO (FADDX1)                                2.06       8.77 r
  intadd_6/U27/CO (FADDX1)                                2.06      10.83 r
  intadd_6/U26/CO (FADDX1)                                2.06      12.89 r
  intadd_6/U25/CO (FADDX1)                                2.06      14.95 r
  intadd_6/U24/CO (FADDX1)                                2.06      17.01 r
  intadd_6/U23/CO (FADDX1)                                2.06      19.06 r
  intadd_6/U22/CO (FADDX1)                                2.06      21.12 r
  intadd_6/U21/CO (FADDX1)                                2.06      23.18 r
  intadd_6/U20/CO (FADDX1)                                2.06      25.24 r
  intadd_6/U19/CO (FADDX1)                                2.06      27.30 r
  intadd_6/U18/CO (FADDX1)                                2.06      29.36 r
  intadd_6/U17/CO (FADDX1)                                2.06      31.42 r
  intadd_6/U16/CO (FADDX1)                                2.06      33.48 r
  intadd_6/U15/CO (FADDX1)                                2.06      35.53 r
  intadd_6/U14/CO (FADDX1)                                2.06      37.59 r
  intadd_6/U13/CO (FADDX1)                                2.06      39.65 r
  intadd_6/U12/CO (FADDX1)                                2.06      41.71 r
  intadd_6/U11/CO (FADDX1)                                2.06      43.77 r
  intadd_6/U10/CO (FADDX1)                                2.06      45.83 r
  intadd_6/U9/CO (FADDX1)                                 2.06      47.89 r
  intadd_6/U8/CO (FADDX1)                                 2.06      49.95 r
  intadd_6/U7/CO (FADDX1)                                 2.06      52.00 r
  intadd_6/U6/CO (FADDX1)                                 2.06      54.06 r
  intadd_6/U5/CO (FADDX1)                                 2.06      56.12 r
  intadd_6/U4/CO (FADDX1)                                 2.06      58.18 r
  intadd_6/U3/CO (FADDX1)                                 2.06      60.24 r
  intadd_6/U2/CO (FADDX1)                                 2.04      62.28 r
  U2630/ZN (INVX0)                                        0.56      62.85 f
  U2657/Q (MUX21X1)                                       1.51      64.36 f
  U2659/QN (NAND2X0)                                      0.53      64.89 r
  U2660/Q (MUX21X1)                                       0.68      65.57 r
  U2665/S (FADDX1)                                        2.83      68.40 f
  U2661/ZN (INVX0)                                        0.52      68.92 r
  U2662/Q (OA21X1)                                        0.61      69.52 r
  U2663/Q (AO21X1)                                        0.57      70.10 r
  U2664/ZN (INVX0)                                        0.67      70.77 f
  U2666/Q (AO22X1)                                        0.51      71.28 f
  U2667/Q (OA21X1)                                        0.58      71.86 f
  U2668/Q (AO21X1)                                        0.56      72.41 f
  U1350/Q (AO22X1)                                        0.61      73.02 f
  U2718/Q (AO22X1)                                        0.57      73.59 f
  U2719/Q (AO22X1)                                        0.57      74.15 f
  U2720/Q (AO22X1)                                        0.57      74.72 f
  U2721/Q (XNOR3X1)                                       1.13      75.84 r
  U2726/Z (NBUFFX2)                                       0.75      76.60 r
  U3162/QN (NOR2X0)                                       1.72      78.32 f
  U3163/Q (MUX21X1)                                       0.96      79.29 f
  U3184/ZN (INVX0)                                        0.67      79.95 r
  U3185/Q (OR2X1)                                         0.85      80.81 r
  U3242/QN (NOR2X0)                                       0.93      81.74 f
  U3272/ZN (INVX0)                                        0.74      82.48 r
  U3273/QN (NOR2X0)                                       0.81      83.29 f
  U3275/Q (OR2X1)                                         1.21      84.50 f
  U1417/ZN (INVX0)                                        0.68      85.18 r
  U3340/QN (NAND4X0)                                      0.87      86.05 f
  U3341/QN (NOR4X0)                                       0.78      86.83 r
  U3348/Q (AND3X1)                                        0.64      87.46 r
  U3356/Q (AND2X1)                                        0.55      88.01 r
  U3357/QN (NAND4X0)                                      0.68      88.69 f
  U3411/ZN (INVX0)                                        0.78      89.47 r
  U3536/QN (NOR2X0)                                       1.14      90.61 f
  U3545/S (FADDX1)                                        2.49      93.10 r
  U3543/Q (AND2X1)                                        0.57      93.67 r
  U3565/S (FADDX1)                                        2.95      96.61 f
  U3566/QN (NAND2X0)                                      0.42      97.04 r
  U3572/QN (OAI21X1)                                      0.49      97.52 f
  U3573/Q (AO222X1)                                       0.80      98.32 f
  U3574/Q (AO222X1)                                       0.81      99.13 f
  U4854/Q (XOR3X1)                                        1.17     100.30 r
  U4859/Q (AND2X1)                                        0.57     100.87 r
  intadd_71/U10/CO (FADDX1)                               2.91     103.78 r
  intadd_71/U9/CO (FADDX1)                                2.05     105.84 r
  U3665/Q (AO22X1)                                        0.61     106.45 r
  U3666/Q (OA21X1)                                        0.47     106.92 r
  U3667/Q (AO21X1)                                        0.57     107.50 r
  U3670/Q (AO22X1)                                        0.62     108.11 r
  U3672/Q (AO22X1)                                        0.62     108.73 r
  U3674/Q (AO22X1)                                        0.61     109.34 r
  U3675/Q (OA21X1)                                        0.47     109.82 r
  U1352/Q (AO21X1)                                        0.57     110.39 r
  U1351/Q (AO22X1)                                        0.62     111.01 r
  U1222/Q (XOR2X1)                                        1.44     112.45 f
  U3683/QN (NOR2X0)                                       1.57     114.02 r
  U5331/QN (NAND3X0)                                      0.80     114.82 f
  U6997/ZN (INVX0)                                        0.68     115.50 r
  U6998/Q (AO221X1)                                       0.84     116.34 r
  U6999/QN (NOR2X0)                                       0.79     117.13 f
  U7000/QN (AOI21X1)                                      0.72     117.85 r
  intadd_169/U4/CO (FADDX1)                               2.78     120.63 r
  U5583/Q (XOR3X1)                                        1.01     121.64 r
  intadd_170/U2/S (FADDX1)                                2.85     124.49 f
  U5240/Q (OR2X1)                                         0.88     125.37 f
  U5241/Q (AO22X1)                                        0.54     125.91 f
  U5248/Q (XOR3X1)                                        1.07     126.98 f
  U5249/QN (NOR2X0)                                       0.74     127.71 r
  U5250/QN (NOR2X0)                                       0.83     128.54 f
  U5251/QN (NOR2X0)                                       0.74     129.28 r
  U5252/QN (NOR2X0)                                       0.83     130.11 f
  U5253/QN (NOR2X0)                                       0.74     130.85 r
  U5254/QN (NOR2X0)                                       0.83     131.68 f
  U5255/QN (NOR2X0)                                       0.74     132.42 r
  U5256/QN (NOR2X0)                                       0.83     133.25 f
  U5257/Q (OR2X1)                                         0.80     134.05 f
  U5258/QN (NAND2X0)                                      0.50     134.54 r
  U5259/QN (NAND2X0)                                      0.51     135.05 f
  U5260/QN (NAND2X0)                                      0.50     135.56 r
  U5261/QN (NAND2X0)                                      0.51     136.07 f
  U5262/QN (NAND2X0)                                      0.50     136.57 r
  U5263/QN (NAND2X0)                                      0.51     137.09 f
  U5264/QN (NAND2X0)                                      0.50     137.59 r
  U5265/QN (NAND2X0)                                      0.51     138.10 f
  U5266/QN (NAND2X0)                                      0.50     138.60 r
  U5267/QN (NAND2X0)                                      0.51     139.12 f
  U5268/QN (NAND2X0)                                      0.50     139.62 r
  U5269/QN (NAND2X0)                                      0.51     140.13 f
  U5270/QN (NAND2X0)                                      0.51     140.64 r
  U5272/Q (AND2X1)                                        0.57     141.21 r
  U5273/QN (NOR2X0)                                       0.82     142.03 f
  U5274/QN (NOR2X0)                                       0.74     142.77 r
  U5275/QN (NOR2X0)                                       0.83     143.59 f
  U5276/QN (NOR2X0)                                       0.74     144.33 r
  U5277/QN (NOR2X0)                                       0.83     145.16 f
  U5278/QN (NOR2X0)                                       0.74     145.90 r
  U5279/QN (NOR2X0)                                       0.83     146.73 f
  U5280/QN (NOR2X0)                                       0.74     147.47 r
  U5281/QN (NOR2X0)                                       0.83     148.30 f
  U5284/Q (XOR3X1)                                        1.06     149.37 r
  FF_sin_OUT/D_DI[17] (FF_DATA_WIDTH19_0)                 0.00     149.37 r
  FF_sin_OUT/Q_DO_reg[17]/D (DFFARX1)                     0.36     149.73 r
  data arrival time                                                149.73

  clock Clk_CI (rise edge)                              150.00     150.00
  clock network delay (ideal)                             0.00     150.00
  FF_sin_OUT/Q_DO_reg[17]/CLK (DFFARX1)                   0.00     150.00 r
  library setup time                                     -0.06     149.94
  data required time                                               149.94
  --------------------------------------------------------------------------
  data required time                                               149.94
  data arrival time                                               -149.73
  --------------------------------------------------------------------------
  slack (MET)                                                        0.21


  Startpoint: parameter_memory_reg[3][2]
              (rising edge-triggered flip-flop clocked by Clk_CI)
  Endpoint: FF_y1/Q_DO_reg[31]
            (rising edge-triggered flip-flop clocked by Clk_CI)
  Path Group: Clk_CI
  Path Type: max

  Des/Clust/Port     Wire Load Model       Library
  ------------------------------------------------
  FLT                280000                saed90nm_typ

  Point                                                   Incr       Path
  --------------------------------------------------------------------------
  clock Clk_CI (rise edge)                                0.00       0.00
  clock network delay (ideal)                             0.00       0.00
  parameter_memory_reg[3][2]/CLK (DFFASX1)                0.00       0.00 r
  parameter_memory_reg[3][2]/Q (DFFASX1)                  0.25       0.25 f
  intadd_87/U8/CO (FADDX1)                                3.95       4.20 f
  intadd_87/U7/CO (FADDX1)                                2.02       6.22 f
  U4414/QN (NAND2X0)                                      0.55       6.77 r
  U1197/QN (NAND3X0)                                      0.76       7.53 f
  U5521/QN (NAND2X0)                                      0.56       8.09 r
  U1533/QN (NAND3X0)                                      0.69       8.77 f
  intadd_87/U4/CO (FADDX1)                                2.03      10.80 f
  intadd_87/U3/CO (FADDX1)                                2.03      12.83 f
  intadd_87/U2/CO (FADDX1)                                2.03      14.86 f
  U4392/QN (NOR2X0)                                       0.81      15.67 r
  U4393/QN (NOR2X0)                                       0.71      16.38 f
  U4394/QN (AOI21X1)                                      0.71      17.08 r
  U11577/Q (AO21X1)                                       0.61      17.69 r
  intadd_31/U21/CO (FADDX1)                               2.06      19.75 r
  U4379/QN (NAND2X0)                                      0.56      20.31 f
  U1192/QN (NAND3X0)                                      0.68      20.99 r
  U5537/QN (NAND2X0)                                      0.57      21.56 f
  U1200/QN (NAND3X0)                                      0.69      22.25 r
  intadd_31/U18/CO (FADDX1)                               2.07      24.31 r
  intadd_31/U17/CO (FADDX1)                               2.06      26.37 r
  U4548/QN (NAND2X0)                                      0.56      26.93 f
  U1235/QN (NAND3X0)                                      0.68      27.62 r
  U5534/QN (NAND2X0)                                      0.57      28.18 f
  U1568/QN (NAND3X0)                                      0.69      28.87 r
  intadd_31/U14/CO (FADDX1)                               2.07      30.93 r
  intadd_31/U13/CO (FADDX1)                               2.06      32.99 r
  intadd_31/U12/CO (FADDX1)                               2.06      35.05 r
  intadd_31/U11/S (FADDX1)                                2.10      37.15 f
  U4357/ZN (INVX0)                                        0.55      37.70 r
  U4358/Q (OA22X1)                                        1.36      39.07 r
  U4359/QN (NAND2X0)                                      0.44      39.51 f
  U4360/Q (MUX21X1)                                       0.96      40.47 r
  U4571/Q (OR2X1)                                         0.83      41.30 r
  U4572/QN (AOI22X1)                                      0.48      41.78 f
  U10785/QN (NAND2X0)                                     0.59      42.37 r
  U1203/QN (NAND3X0)                                      0.68      43.05 f
  intadd_73/U9/CO (FADDX1)                                2.03      45.08 f
  intadd_73/U8/CO (FADDX1)                                2.03      47.11 f
  intadd_73/U7/CO (FADDX1)                                2.03      49.14 f
  intadd_73/U6/CO (FADDX1)                                2.03      51.16 f
  intadd_73/U5/CO (FADDX1)                                2.03      53.19 f
  intadd_73/U4/CO (FADDX1)                                2.02      55.21 f
  U1667/Q (AO22X1)                                        0.61      55.82 f
  U1333/QN (AOI22X1)                                      0.61      56.43 r
  intadd_49/U4/CO (FADDX1)                                2.48      58.91 r
  U3839/Q (AO22X1)                                        0.57      59.48 r
  U1231/Q (AO22X1)                                        0.62      60.10 r
  U1229/Q (AO22X1)                                        0.61      60.71 r
  U1228/Q (AO22X1)                                        0.61      61.33 r
  U3923/Q (AO22X1)                                        0.61      61.94 r
  U3926/Q (AO22X1)                                        0.59      62.53 r
  U3933/Q (AO22X1)                                        0.62      63.15 r
  U6069/Q (AO22X1)                                        0.62      63.77 r
  intadd_0/U11/CO (FADDX1)                                2.06      65.83 r
  intadd_0/U10/S (FADDX1)                                 2.16      67.99 f
  U5602/ZN (INVX0)                                        2.72      70.71 r
  intadd_10/U13/CO (FADDX1)                               4.85      75.56 r
  intadd_10/U12/S (FADDX1)                                2.10      77.66 f
  U10324/ZN (INVX0)                                       0.54      78.19 r
  U10325/Q (OA222X1)                                      1.00      79.19 r
  U10326/Q (MUX21X1)                                      0.99      80.18 r
  intadd_138/U3/S (FADDX1)                                2.54      82.73 f
  U5846/Q (XOR3X1)                                        1.20      83.93 r
  intadd_13/U20/CO (FADDX1)                               2.49      86.42 r
  intadd_13/U19/CO (FADDX1)                               2.06      88.48 r
  intadd_13/U18/S (FADDX1)                                2.12      90.60 f
  U15243/S (FADDX1)                                       2.80      93.40 r
  intadd_30/U19/CO (FADDX1)                               2.49      95.89 r
  intadd_30/U18/CO (FADDX1)                               2.05      97.94 r
  U2060/ZN (INVX0)                                        0.60      98.54 f
  U2061/Q (OA22X1)                                        0.54      99.08 f
  U1532/QN (NOR2X0)                                       0.72      99.81 r
  U1317/Q (AO21X1)                                        0.58     100.39 r
  intadd_30/U15/CO (FADDX1)                               2.05     102.44 r
  U1226/Q (AO22X1)                                        0.62     103.06 r
  U1225/Q (AO22X1)                                        0.62     103.67 r
  U1224/Q (AO22X1)                                        0.61     104.29 r
  U1223/Q (AO22X1)                                        0.62     104.90 r
  U1904/QN (NAND2X0)                                      0.56     105.47 f
  U1205/QN (NAND3X0)                                      0.68     106.15 r
  U1908/QN (NAND2X0)                                      0.57     106.71 f
  U1909/QN (NAND3X0)                                      0.68     107.39 r
  U1581/Q (AO22X1)                                        0.62     108.01 r
  U2507/Q (AO22X1)                                        0.59     108.60 r
  U2513/Q (AO22X1)                                        0.59     109.19 r
  U5932/Q (AO22X1)                                        0.58     109.76 r
  intadd_30/U4/CO (FADDX1)                                2.05     111.82 r
  U2376/Q (AO22X1)                                        0.59     112.41 r
  U2381/Q (AO22X1)                                        0.62     113.03 r
  U2407/ZN (INVX0)                                        0.67     113.69 f
  U2408/Q (AO22X1)                                        0.54     114.23 f
  U5589/Q (AO22X1)                                        0.57     114.81 f
  intadd_67/U8/S (FADDX1)                                 2.02     116.83 f
  U2326/ZN (INVX0)                                        0.52     117.35 r
  U2327/Q (OR2X1)                                         0.94     118.28 r
  U2411/Q (AO22X1)                                        0.53     118.81 r
  U2413/Q (AO22X1)                                        0.61     119.43 r
  U2414/Q (AO22X1)                                        0.57     120.00 r
  U2416/Q (AO22X1)                                        0.57     120.57 r
  U1649/Q (AO22X1)                                        0.63     121.20 r
  U2417/Q (AO22X1)                                        0.57     121.77 r
  U2418/Q (AO22X1)                                        0.58     122.34 r
  U2419/QN (NOR2X0)                                       0.84     123.18 f
  U2420/QN (NOR2X0)                                       0.69     123.87 r
  U1396/Q (XNOR3X1)                                       1.00     124.86 f
  U2421/ZN (INVX0)                                        0.66     125.52 r
  U2422/QN (NOR2X0)                                       0.65     126.17 f
  U2424/Q (MUX21X1)                                       0.74     126.92 f
  U2425/QN (NAND2X0)                                      0.57     127.49 r
  intadd_102/U6/S (FADDX1)                                4.91     132.40 f
  U1288/Q (XOR3X1)                                        1.08     133.48 r
  intadd_221/U4/S (FADDX1)                                2.11     135.59 f
  U6294/Q (XOR3X1)                                        1.18     136.77 f
  U6295/Q (XOR3X1)                                        1.07     137.84 r
  U6297/ZN (INVX0)                                        0.61     138.46 f
  U6298/Q (AO22X1)                                        0.63     139.08 f
  U1356/QN (AOI22X1)                                      0.55     139.63 r
  U1355/Q (OA21X1)                                        0.48     140.11 r
  U1357/Q (AO21X1)                                        0.57     140.68 r
  U6422/Q (AO22X1)                                        0.57     141.25 r
  U6425/Q (AO22X1)                                        0.59     141.84 r
  U6426/Q (AO22X1)                                        0.57     142.41 r
  U6427/Q (AO22X1)                                        0.57     142.98 r
  U6428/Q (AO22X1)                                        0.57     143.55 r
  U6431/Q (AO22X1)                                        0.59     144.14 r
  U6432/Q (AO22X1)                                        0.57     144.71 r
  U6435/Q (AO22X1)                                        0.59     145.30 r
  U6436/Q (AO22X1)                                        0.57     145.87 r
  U6442/Q (AO22X1)                                        0.59     146.46 r
  U6443/ZN (INVX0)                                        0.61     147.07 f
  U8138/Q (AO22X1)                                        0.58     147.65 f
  U8142/QN (NOR3X0)                                       0.89     148.54 r
  U1194/Q (AO21X1)                                        0.57     149.12 r
  FF_y1/D_DI[31] (FF_DATA_WIDTH32_1)                      0.00     149.12 r
  FF_y1/Q_DO_reg[31]/D (DFFARX1)                          0.43     149.54 r
  data arrival time                                                149.54

  clock Clk_CI (rise edge)                              150.00     150.00
  clock network delay (ideal)                             0.00     150.00
  FF_y1/Q_DO_reg[31]/CLK (DFFARX1)                        0.00     150.00 r
  library setup time                                     -0.06     149.94
  data required time                                               149.94
  --------------------------------------------------------------------------
  data required time                                               149.94
  data arrival time                                               -149.54
  --------------------------------------------------------------------------
  slack (MET)                                                        0.39


  Startpoint: parameter_memory_reg[2][2]
              (rising edge-triggered flip-flop clocked by Clk_CI)
  Endpoint: FF_cos_OUT/Q_DO_reg[17]
            (rising edge-triggered flip-flop clocked by Clk_CI)
  Path Group: Clk_CI
  Path Type: max

  Des/Clust/Port     Wire Load Model       Library
  ------------------------------------------------
  FLT                280000                saed90nm_typ
  FF_DATA_WIDTH19_1  8000                  saed90nm_typ

  Point                                                   Incr       Path
  --------------------------------------------------------------------------
  clock Clk_CI (rise edge)                                0.00       0.00
  clock network delay (ideal)                             0.00       0.00
  parameter_memory_reg[2][2]/CLK (DFFASX1)                0.00       0.00 r
  parameter_memory_reg[2][2]/Q (DFFASX1)                  0.24       0.24 r
  intadd_6/U30/CO (FADDX1)                                4.41       4.65 r
  intadd_6/U29/CO (FADDX1)                                2.06       6.71 r
  intadd_6/U28/CO (FADDX1)                                2.06       8.77 r
  intadd_6/U27/CO (FADDX1)                                2.06      10.83 r
  intadd_6/U26/CO (FADDX1)                                2.06      12.89 r
  intadd_6/U25/CO (FADDX1)                                2.06      14.95 r
  intadd_6/U24/CO (FADDX1)                                2.06      17.01 r
  intadd_6/U23/CO (FADDX1)                                2.06      19.06 r
  intadd_6/U22/CO (FADDX1)                                2.06      21.12 r
  intadd_6/U21/CO (FADDX1)                                2.06      23.18 r
  intadd_6/U20/CO (FADDX1)                                2.06      25.24 r
  intadd_6/U19/CO (FADDX1)                                2.06      27.30 r
  intadd_6/U18/CO (FADDX1)                                2.06      29.36 r
  intadd_6/U17/CO (FADDX1)                                2.06      31.42 r
  intadd_6/U16/CO (FADDX1)                                2.06      33.48 r
  intadd_6/U15/CO (FADDX1)                                2.06      35.53 r
  intadd_6/U14/CO (FADDX1)                                2.06      37.59 r
  intadd_6/U13/CO (FADDX1)                                2.06      39.65 r
  intadd_6/U12/CO (FADDX1)                                2.06      41.71 r
  intadd_6/U11/CO (FADDX1)                                2.06      43.77 r
  intadd_6/U10/CO (FADDX1)                                2.06      45.83 r
  intadd_6/U9/CO (FADDX1)                                 2.06      47.89 r
  intadd_6/U8/CO (FADDX1)                                 2.06      49.95 r
  intadd_6/U7/CO (FADDX1)                                 2.06      52.00 r
  intadd_6/U6/CO (FADDX1)                                 2.06      54.06 r
  intadd_6/U5/CO (FADDX1)                                 2.06      56.12 r
  intadd_6/U4/CO (FADDX1)                                 2.06      58.18 r
  intadd_6/U3/CO (FADDX1)                                 2.06      60.24 r
  intadd_6/U2/CO (FADDX1)                                 2.04      62.28 r
  U2630/ZN (INVX0)                                        0.56      62.85 f
  U2657/Q (MUX21X1)                                       1.51      64.36 f
  U2659/QN (NAND2X0)                                      0.53      64.89 r
  U2660/Q (MUX21X1)                                       0.68      65.57 r
  U2665/S (FADDX1)                                        2.83      68.40 f
  U2661/ZN (INVX0)                                        0.52      68.92 r
  U2662/Q (OA21X1)                                        0.61      69.52 r
  U2663/Q (AO21X1)                                        0.57      70.10 r
  U2664/ZN (INVX0)                                        0.67      70.77 f
  U2666/Q (AO22X1)                                        0.51      71.28 f
  U2667/Q (OA21X1)                                        0.58      71.86 f
  U2668/Q (AO21X1)                                        0.56      72.41 f
  U1350/Q (AO22X1)                                        0.61      73.02 f
  U2718/Q (AO22X1)                                        0.57      73.59 f
  U2719/Q (AO22X1)                                        0.57      74.15 f
  U2720/Q (AO22X1)                                        0.57      74.72 f
  U2721/Q (XNOR3X1)                                       1.13      75.85 f
  U1348/ZN (INVX0)                                        0.70      76.55 r
  U1347/Z (NBUFFX2)                                       0.91      77.46 r
  U2722/Q (MUX21X1)                                       2.01      79.47 r
  U2723/ZN (INVX0)                                        1.12      80.59 f
  U2732/QN (NOR2X0)                                       1.50      82.10 r
  U2821/QN (NAND2X0)                                      1.52      83.62 f
  U2998/ZN (INVX0)                                        0.86      84.48 r
  U2999/Q (OR4X1)                                         1.21      85.69 r
  U3000/QN (NOR4X0)                                       0.76      86.44 f
  U3017/QN (NAND2X0)                                      0.58      87.02 r
  U3020/Q (OR3X1)                                         1.01      88.04 r
  U1510/QN (NOR4X0)                                       1.12      89.16 f
  U4614/QN (NOR2X0)                                       1.33      90.49 r
  U4658/CO (FADDX1)                                       2.07      92.56 r
  U4620/QN (NOR2X0)                                       0.82      93.37 f
  U4621/QN (NOR2X0)                                       0.69      94.06 r
  U4653/QN (NOR2X0)                                       0.76      94.82 f
  U4654/QN (NOR2X0)                                       0.72      95.54 r
  U4659/S (FADDX1)                                        2.79      98.33 r
  U4693/Q (AO222X1)                                       0.75      99.07 r
  U4694/Q (AO222X1)                                       0.75      99.83 r
  U1545/Q (OA21X1)                                        0.64     100.46 r
  U4695/Q (AO21X1)                                        0.57     101.04 r
  U4839/Q (AO22X1)                                        0.61     101.65 r
  U4840/Q (AO22X1)                                        0.58     102.23 r
  intadd_76/U5/CO (FADDX1)                                2.05     104.28 r
  U1555/Q (AO22X1)                                        0.63     104.91 r
  U2985/Q (AO22X1)                                        0.61     105.52 r
  U2986/QN (NAND2X0)                                      0.50     106.02 f
  U2987/Q (AND3X1)                                        0.42     106.44 f
  U2988/Q (AO22X1)                                        0.56     107.00 f
  U2990/QN (NOR3X0)                                       0.95     107.96 r
  U3028/QN (NOR2X0)                                       1.05     109.00 f
  U3120/Q (OR2X1)                                         0.89     109.89 f
  U1573/Q (AO22X1)                                        0.54     110.43 f
  U3121/Q (AO22X1)                                        0.57     111.00 f
  U1607/Q (XOR2X1)                                        1.43     112.43 r
  U5773/QN (NOR2X0)                                       1.60     114.03 f
  U5778/Q (XOR3X1)                                        1.28     115.32 f
  intadd_172/U5/S (FADDX1)                                2.09     117.41 r
  U16607/CO (FADDX1)                                      2.79     120.21 r
  intadd_173/U3/S (FADDX1)                                2.55     122.75 f
  intadd_174/U2/S (FADDX1)                                2.80     125.55 r
  U6863/Q (XOR3X1)                                        1.28     126.83 r
  U6864/QN (NOR2X0)                                       0.76     127.59 f
  U6868/QN (NOR2X0)                                       0.73     128.32 r
  U6869/QN (NOR2X0)                                       0.77     129.09 f
  U6872/QN (NOR2X0)                                       0.74     129.83 r
  U6873/QN (NOR2X0)                                       0.77     130.59 f
  U6877/QN (NOR2X0)                                       0.74     131.33 r
  U6878/QN (NOR2X0)                                       0.77     132.09 f
  U6883/QN (NOR2X0)                                       0.74     132.83 r
  U6884/Q (OR2X1)                                         0.84     133.67 r
  U6945/QN (NAND2X0)                                      0.51     134.18 f
  U6946/QN (NAND2X0)                                      0.51     134.68 r
  U6947/QN (NAND2X0)                                      0.51     135.20 f
  U6948/QN (NAND2X0)                                      0.51     135.70 r
  U6949/QN (NAND2X0)                                      0.51     136.21 f
  U6950/QN (NAND2X0)                                      0.51     136.72 r
  U6951/QN (NAND2X0)                                      0.51     137.23 f
  U6952/QN (NAND2X0)                                      0.51     137.74 r
  U6953/QN (NAND2X0)                                      0.51     138.25 f
  U6954/QN (NAND2X0)                                      0.51     138.76 r
  U6955/QN (NAND2X0)                                      0.51     139.27 f
  U6956/QN (NAND2X0)                                      0.51     139.77 r
  U6957/QN (NAND2X0)                                      0.52     140.29 f
  U6959/Q (AND2X1)                                        0.56     140.85 f
  U6960/QN (NOR2X0)                                       0.73     141.58 r
  U6961/QN (NOR2X0)                                       0.77     142.34 f
  U6968/QN (NOR2X0)                                       0.74     143.08 r
  U6969/QN (NOR2X0)                                       0.77     143.85 f
  U6977/QN (NOR2X0)                                       0.74     144.58 r
  U6978/QN (NOR2X0)                                       0.77     145.35 f
  U6985/QN (NOR2X0)                                       0.74     146.09 r
  U6986/QN (NOR2X0)                                       0.84     146.92 f
  U7039/QN (NOR2X0)                                       0.81     147.74 r
  U7040/Q (XOR3X1)                                        0.93     148.66 r
  FF_cos_OUT/D_DI[17] (FF_DATA_WIDTH19_1)                 0.00     148.66 r
  FF_cos_OUT/U20/Q (MUX21X1)                              0.70     149.36 r
  FF_cos_OUT/Q_DO_reg[17]/D (DFFARX1)                     0.04     149.40 r
  data arrival time                                                149.40

  clock Clk_CI (rise edge)                              150.00     150.00
  clock network delay (ideal)                             0.00     150.00
  FF_cos_OUT/Q_DO_reg[17]/CLK (DFFARX1)                   0.00     150.00 r
  library setup time                                     -0.07     149.93
  data required time                                               149.93
  --------------------------------------------------------------------------
  data required time                                               149.93
  data arrival time                                               -149.40
  --------------------------------------------------------------------------
  slack (MET)                                                        0.54


  Startpoint: parameter_memory_reg[2][2]
              (rising edge-triggered flip-flop clocked by Clk_CI)
  Endpoint: FF_sin_OUT/Q_DO_reg[18]
            (rising edge-triggered flip-flop clocked by Clk_CI)
  Path Group: Clk_CI
  Path Type: max

  Des/Clust/Port     Wire Load Model       Library
  ------------------------------------------------
  FLT                280000                saed90nm_typ

  Point                                                   Incr       Path
  --------------------------------------------------------------------------
  clock Clk_CI (rise edge)                                0.00       0.00
  clock network delay (ideal)                             0.00       0.00
  parameter_memory_reg[2][2]/CLK (DFFASX1)                0.00       0.00 r
  parameter_memory_reg[2][2]/Q (DFFASX1)                  0.24       0.24 r
  intadd_6/U30/CO (FADDX1)                                4.41       4.65 r
  intadd_6/U29/CO (FADDX1)                                2.06       6.71 r
  intadd_6/U28/CO (FADDX1)                                2.06       8.77 r
  intadd_6/U27/CO (FADDX1)                                2.06      10.83 r
  intadd_6/U26/CO (FADDX1)                                2.06      12.89 r
  intadd_6/U25/CO (FADDX1)                                2.06      14.95 r
  intadd_6/U24/CO (FADDX1)                                2.06      17.01 r
  intadd_6/U23/CO (FADDX1)                                2.06      19.06 r
  intadd_6/U22/CO (FADDX1)                                2.06      21.12 r
  intadd_6/U21/CO (FADDX1)                                2.06      23.18 r
  intadd_6/U20/CO (FADDX1)                                2.06      25.24 r
  intadd_6/U19/CO (FADDX1)                                2.06      27.30 r
  intadd_6/U18/CO (FADDX1)                                2.06      29.36 r
  intadd_6/U17/CO (FADDX1)                                2.06      31.42 r
  intadd_6/U16/CO (FADDX1)                                2.06      33.48 r
  intadd_6/U15/CO (FADDX1)                                2.06      35.53 r
  intadd_6/U14/CO (FADDX1)                                2.06      37.59 r
  intadd_6/U13/CO (FADDX1)                                2.06      39.65 r
  intadd_6/U12/CO (FADDX1)                                2.06      41.71 r
  intadd_6/U11/CO (FADDX1)                                2.06      43.77 r
  intadd_6/U10/CO (FADDX1)                                2.06      45.83 r
  intadd_6/U9/CO (FADDX1)                                 2.06      47.89 r
  intadd_6/U8/CO (FADDX1)                                 2.06      49.95 r
  intadd_6/U7/CO (FADDX1)                                 2.06      52.00 r
  intadd_6/U6/CO (FADDX1)                                 2.06      54.06 r
  intadd_6/U5/CO (FADDX1)                                 2.06      56.12 r
  intadd_6/U4/CO (FADDX1)                                 2.06      58.18 r
  intadd_6/U3/CO (FADDX1)                                 2.06      60.24 r
  intadd_6/U2/CO (FADDX1)                                 2.04      62.28 r
  U2630/ZN (INVX0)                                        0.56      62.85 f
  U2657/Q (MUX21X1)                                       1.51      64.36 f
  U2659/QN (NAND2X0)                                      0.53      64.89 r
  U2660/Q (MUX21X1)                                       0.68      65.57 r
  U2665/S (FADDX1)                                        2.83      68.40 f
  U2661/ZN (INVX0)                                        0.52      68.92 r
  U2662/Q (OA21X1)                                        0.61      69.52 r
  U2663/Q (AO21X1)                                        0.57      70.10 r
  U2664/ZN (INVX0)                                        0.67      70.77 f
  U2666/Q (AO22X1)                                        0.51      71.28 f
  U2667/Q (OA21X1)                                        0.58      71.86 f
  U2668/Q (AO21X1)                                        0.56      72.41 f
  U1350/Q (AO22X1)                                        0.61      73.02 f
  U2718/Q (AO22X1)                                        0.57      73.59 f
  U2719/Q (AO22X1)                                        0.57      74.15 f
  U2720/Q (AO22X1)                                        0.57      74.72 f
  U2721/Q (XNOR3X1)                                       1.13      75.84 r
  U2726/Z (NBUFFX2)                                       0.75      76.60 r
  U3162/QN (NOR2X0)                                       1.72      78.32 f
  U3163/Q (MUX21X1)                                       0.96      79.29 f
  U3184/ZN (INVX0)                                        0.67      79.95 r
  U3185/Q (OR2X1)                                         0.85      80.81 r
  U3242/QN (NOR2X0)                                       0.93      81.74 f
  U3272/ZN (INVX0)                                        0.74      82.48 r
  U3273/QN (NOR2X0)                                       0.81      83.29 f
  U3275/Q (OR2X1)                                         1.21      84.50 f
  U1417/ZN (INVX0)                                        0.68      85.18 r
  U3340/QN (NAND4X0)                                      0.87      86.05 f
  U3341/QN (NOR4X0)                                       0.78      86.83 r
  U3348/Q (AND3X1)                                        0.64      87.46 r
  U3356/Q (AND2X1)                                        0.55      88.01 r
  U3357/QN (NAND4X0)                                      0.68      88.69 f
  U3411/ZN (INVX0)                                        0.78      89.47 r
  U3536/QN (NOR2X0)                                       1.14      90.61 f
  U3545/S (FADDX1)                                        2.49      93.10 r
  U3543/Q (AND2X1)                                        0.57      93.67 r
  U3565/S (FADDX1)                                        2.95      96.61 f
  U3566/QN (NAND2X0)                                      0.42      97.04 r
  U3572/QN (OAI21X1)                                      0.49      97.52 f
  U3573/Q (AO222X1)                                       0.80      98.32 f
  U3574/Q (AO222X1)                                       0.81      99.13 f
  U4854/Q (XOR3X1)                                        1.17     100.30 r
  U4859/Q (AND2X1)                                        0.57     100.87 r
  intadd_71/U10/CO (FADDX1)                               2.91     103.78 r
  intadd_71/U9/CO (FADDX1)                                2.05     105.84 r
  U3665/Q (AO22X1)                                        0.61     106.45 r
  U3666/Q (OA21X1)                                        0.47     106.92 r
  U3667/Q (AO21X1)                                        0.57     107.50 r
  U3670/Q (AO22X1)                                        0.62     108.11 r
  U3672/Q (AO22X1)                                        0.62     108.73 r
  U3674/Q (AO22X1)                                        0.61     109.34 r
  U3675/Q (OA21X1)                                        0.47     109.82 r
  U1352/Q (AO21X1)                                        0.57     110.39 r
  U1351/Q (AO22X1)                                        0.62     111.01 r
  U1222/Q (XOR2X1)                                        1.44     112.45 f
  U3683/QN (NOR2X0)                                       1.57     114.02 r
  U5331/QN (NAND3X0)                                      0.80     114.82 f
  U6997/ZN (INVX0)                                        0.68     115.50 r
  U6998/Q (AO221X1)                                       0.84     116.34 r
  U6999/QN (NOR2X0)                                       0.79     117.13 f
  U7000/QN (AOI21X1)                                      0.72     117.85 r
  intadd_169/U4/CO (FADDX1)                               2.78     120.63 r
  U5583/Q (XOR3X1)                                        1.01     121.64 r
  intadd_170/U2/S (FADDX1)                                2.85     124.49 f
  U5240/Q (OR2X1)                                         0.88     125.37 f
  U5241/Q (AO22X1)                                        0.54     125.91 f
  U5248/Q (XOR3X1)                                        1.07     126.97 r
  U5249/QN (NOR2X0)                                       0.76     127.73 f
  U5250/QN (NOR2X0)                                       0.80     128.54 r
  U5251/QN (NOR2X0)                                       0.77     129.30 f
  U5252/QN (NOR2X0)                                       0.80     130.11 r
  U5253/QN (NOR2X0)                                       0.77     130.87 f
  U5254/QN (NOR2X0)                                       0.80     131.67 r
  U5255/QN (NOR2X0)                                       0.77     132.44 f
  U5256/QN (NOR2X0)                                       0.80     133.24 r
  U5257/Q (OR2X1)                                         0.84     134.08 r
  U5258/QN (NAND2X0)                                      0.51     134.59 f
  U5259/QN (NAND2X0)                                      0.51     135.10 r
  U5260/QN (NAND2X0)                                      0.51     135.61 f
  U5261/QN (NAND2X0)                                      0.51     136.12 r
  U5262/QN (NAND2X0)                                      0.51     136.63 f
  U5263/QN (NAND2X0)                                      0.51     137.13 r
  U5264/QN (NAND2X0)                                      0.51     137.65 f
  U5265/QN (NAND2X0)                                      0.51     138.15 r
  U5266/QN (NAND2X0)                                      0.51     138.67 f
  U5267/QN (NAND2X0)                                      0.51     139.17 r
  U5268/QN (NAND2X0)                                      0.51     139.69 f
  U5269/QN (NAND2X0)                                      0.51     140.19 r
  U5270/QN (NAND2X0)                                      0.52     140.71 f
  U5272/Q (AND2X1)                                        0.56     141.27 f
  U5273/QN (NOR2X0)                                       0.80     142.06 r
  U5274/QN (NOR2X0)                                       0.77     142.83 f
  U5275/QN (NOR2X0)                                       0.80     143.63 r
  U5276/QN (NOR2X0)                                       0.77     144.40 f
  U5277/QN (NOR2X0)                                       0.80     145.20 r
  U5278/QN (NOR2X0)                                       0.77     145.97 f
  U5279/QN (NOR2X0)                                       0.80     146.77 r
  U5280/QN (NOR2X0)                                       0.77     147.54 f
  U5281/QN (NOR2X0)                                       0.81     148.34 r
  U6990/Q (AO21X1)                                        0.66     149.01 r
  FF_sin_OUT/D_DI[18] (FF_DATA_WIDTH19_0)                 0.00     149.01 r
  FF_sin_OUT/Q_DO_reg[18]/D (DFFARX1)                     0.36     149.37 r
  data arrival time                                                149.37

  clock Clk_CI (rise edge)                              150.00     150.00
  clock network delay (ideal)                             0.00     150.00
  FF_sin_OUT/Q_DO_reg[18]/CLK (DFFARX1)                   0.00     150.00 r
  library setup time                                     -0.06     149.94
  data required time                                               149.94
  --------------------------------------------------------------------------
  data required time                                               149.94
  data arrival time                                               -149.37
  --------------------------------------------------------------------------
  slack (MET)                                                        0.56


  Startpoint: parameter_memory_reg[2][2]
              (rising edge-triggered flip-flop clocked by Clk_CI)
  Endpoint: FF_cos_OUT/Q_DO_reg[18]
            (rising edge-triggered flip-flop clocked by Clk_CI)
  Path Group: Clk_CI
  Path Type: max

  Des/Clust/Port     Wire Load Model       Library
  ------------------------------------------------
  FLT                280000                saed90nm_typ
  FF_DATA_WIDTH19_1  8000                  saed90nm_typ

  Point                                                   Incr       Path
  --------------------------------------------------------------------------
  clock Clk_CI (rise edge)                                0.00       0.00
  clock network delay (ideal)                             0.00       0.00
  parameter_memory_reg[2][2]/CLK (DFFASX1)                0.00       0.00 r
  parameter_memory_reg[2][2]/Q (DFFASX1)                  0.24       0.24 r
  intadd_6/U30/CO (FADDX1)                                4.41       4.65 r
  intadd_6/U29/CO (FADDX1)                                2.06       6.71 r
  intadd_6/U28/CO (FADDX1)                                2.06       8.77 r
  intadd_6/U27/CO (FADDX1)                                2.06      10.83 r
  intadd_6/U26/CO (FADDX1)                                2.06      12.89 r
  intadd_6/U25/CO (FADDX1)                                2.06      14.95 r
  intadd_6/U24/CO (FADDX1)                                2.06      17.01 r
  intadd_6/U23/CO (FADDX1)                                2.06      19.06 r
  intadd_6/U22/CO (FADDX1)                                2.06      21.12 r
  intadd_6/U21/CO (FADDX1)                                2.06      23.18 r
  intadd_6/U20/CO (FADDX1)                                2.06      25.24 r
  intadd_6/U19/CO (FADDX1)                                2.06      27.30 r
  intadd_6/U18/CO (FADDX1)                                2.06      29.36 r
  intadd_6/U17/CO (FADDX1)                                2.06      31.42 r
  intadd_6/U16/CO (FADDX1)                                2.06      33.48 r
  intadd_6/U15/CO (FADDX1)                                2.06      35.53 r
  intadd_6/U14/CO (FADDX1)                                2.06      37.59 r
  intadd_6/U13/CO (FADDX1)                                2.06      39.65 r
  intadd_6/U12/CO (FADDX1)                                2.06      41.71 r
  intadd_6/U11/CO (FADDX1)                                2.06      43.77 r
  intadd_6/U10/CO (FADDX1)                                2.06      45.83 r
  intadd_6/U9/CO (FADDX1)                                 2.06      47.89 r
  intadd_6/U8/CO (FADDX1)                                 2.06      49.95 r
  intadd_6/U7/CO (FADDX1)                                 2.06      52.00 r
  intadd_6/U6/CO (FADDX1)                                 2.06      54.06 r
  intadd_6/U5/CO (FADDX1)                                 2.06      56.12 r
  intadd_6/U4/CO (FADDX1)                                 2.06      58.18 r
  intadd_6/U3/CO (FADDX1)                                 2.06      60.24 r
  intadd_6/U2/CO (FADDX1)                                 2.04      62.28 r
  U2630/ZN (INVX0)                                        0.56      62.85 f
  U2657/Q (MUX21X1)                                       1.51      64.36 f
  U2659/QN (NAND2X0)                                      0.53      64.89 r
  U2660/Q (MUX21X1)                                       0.68      65.57 r
  U2665/S (FADDX1)                                        2.83      68.40 f
  U2661/ZN (INVX0)                                        0.52      68.92 r
  U2662/Q (OA21X1)                                        0.61      69.52 r
  U2663/Q (AO21X1)                                        0.57      70.10 r
  U2664/ZN (INVX0)                                        0.67      70.77 f
  U2666/Q (AO22X1)                                        0.51      71.28 f
  U2667/Q (OA21X1)                                        0.58      71.86 f
  U2668/Q (AO21X1)                                        0.56      72.41 f
  U1350/Q (AO22X1)                                        0.61      73.02 f
  U2718/Q (AO22X1)                                        0.57      73.59 f
  U2719/Q (AO22X1)                                        0.57      74.15 f
  U2720/Q (AO22X1)                                        0.57      74.72 f
  U2721/Q (XNOR3X1)                                       1.13      75.85 f
  U1348/ZN (INVX0)                                        0.70      76.55 r
  U1347/Z (NBUFFX2)                                       0.91      77.46 r
  U2722/Q (MUX21X1)                                       2.01      79.47 r
  U2723/ZN (INVX0)                                        1.12      80.59 f
  U2732/QN (NOR2X0)                                       1.50      82.10 r
  U2821/QN (NAND2X0)                                      1.52      83.62 f
  U2998/ZN (INVX0)                                        0.86      84.48 r
  U2999/Q (OR4X1)                                         1.21      85.69 r
  U3000/QN (NOR4X0)                                       0.76      86.44 f
  U3017/QN (NAND2X0)                                      0.58      87.02 r
  U3020/Q (OR3X1)                                         1.01      88.04 r
  U1510/QN (NOR4X0)                                       1.12      89.16 f
  U4614/QN (NOR2X0)                                       1.33      90.49 r
  U4658/CO (FADDX1)                                       2.07      92.56 r
  U4620/QN (NOR2X0)                                       0.82      93.37 f
  U4621/QN (NOR2X0)                                       0.69      94.06 r
  U4653/QN (NOR2X0)                                       0.76      94.82 f
  U4654/QN (NOR2X0)                                       0.72      95.54 r
  U4659/S (FADDX1)                                        2.79      98.33 r
  U4693/Q (AO222X1)                                       0.75      99.07 r
  U4694/Q (AO222X1)                                       0.75      99.83 r
  U1545/Q (OA21X1)                                        0.64     100.46 r
  U4695/Q (AO21X1)                                        0.57     101.04 r
  U4839/Q (AO22X1)                                        0.61     101.65 r
  U4840/Q (AO22X1)                                        0.58     102.23 r
  intadd_76/U5/CO (FADDX1)                                2.05     104.28 r
  U1555/Q (AO22X1)                                        0.63     104.91 r
  U2985/Q (AO22X1)                                        0.61     105.52 r
  U2986/QN (NAND2X0)                                      0.50     106.02 f
  U2987/Q (AND3X1)                                        0.42     106.44 f
  U2988/Q (AO22X1)                                        0.56     107.00 f
  U2990/QN (NOR3X0)                                       0.95     107.96 r
  U3028/QN (NOR2X0)                                       1.05     109.00 f
  U3120/Q (OR2X1)                                         0.89     109.89 f
  U1573/Q (AO22X1)                                        0.54     110.43 f
  U3121/Q (AO22X1)                                        0.57     111.00 f
  U1607/Q (XOR2X1)                                        1.43     112.43 r
  U5773/QN (NOR2X0)                                       1.60     114.03 f
  U5778/Q (XOR3X1)                                        1.28     115.32 f
  intadd_172/U5/S (FADDX1)                                2.09     117.41 r
  U16607/CO (FADDX1)                                      2.79     120.21 r
  intadd_173/U3/S (FADDX1)                                2.55     122.75 f
  intadd_174/U2/S (FADDX1)                                2.80     125.55 r
  U6863/Q (XOR3X1)                                        1.28     126.83 r
  U6864/QN (NOR2X0)                                       0.76     127.59 f
  U6868/QN (NOR2X0)                                       0.73     128.32 r
  U6869/QN (NOR2X0)                                       0.77     129.09 f
  U6872/QN (NOR2X0)                                       0.74     129.83 r
  U6873/QN (NOR2X0)                                       0.77     130.59 f
  U6877/QN (NOR2X0)                                       0.74     131.33 r
  U6878/QN (NOR2X0)                                       0.77     132.09 f
  U6883/QN (NOR2X0)                                       0.74     132.83 r
  U6884/Q (OR2X1)                                         0.84     133.67 r
  U6945/QN (NAND2X0)                                      0.51     134.18 f
  U6946/QN (NAND2X0)                                      0.51     134.68 r
  U6947/QN (NAND2X0)                                      0.51     135.20 f
  U6948/QN (NAND2X0)                                      0.51     135.70 r
  U6949/QN (NAND2X0)                                      0.51     136.21 f
  U6950/QN (NAND2X0)                                      0.51     136.72 r
  U6951/QN (NAND2X0)                                      0.51     137.23 f
  U6952/QN (NAND2X0)                                      0.51     137.74 r
  U6953/QN (NAND2X0)                                      0.51     138.25 f
  U6954/QN (NAND2X0)                                      0.51     138.76 r
  U6955/QN (NAND2X0)                                      0.51     139.27 f
  U6956/QN (NAND2X0)                                      0.51     139.77 r
  U6957/QN (NAND2X0)                                      0.52     140.29 f
  U6959/Q (AND2X1)                                        0.56     140.85 f
  U6960/QN (NOR2X0)                                       0.73     141.58 r
  U6961/QN (NOR2X0)                                       0.77     142.34 f
  U6968/QN (NOR2X0)                                       0.74     143.08 r
  U6969/QN (NOR2X0)                                       0.77     143.85 f
  U6977/QN (NOR2X0)                                       0.74     144.58 r
  U6978/QN (NOR2X0)                                       0.77     145.35 f
  U6985/QN (NOR2X0)                                       0.74     146.09 r
  U6986/QN (NOR2X0)                                       0.84     146.92 f
  U16662/Q (AND3X1)                                       0.55     147.47 f
  U16663/QN (NOR2X0)                                      0.62     148.10 r
  FF_cos_OUT/D_DI[18] (FF_DATA_WIDTH19_1)                 0.00     148.10 r
  FF_cos_OUT/U19/Q (MUX21X1)                              0.70     148.80 r
  FF_cos_OUT/Q_DO_reg[18]/D (DFFARX1)                     0.04     148.83 r
  data arrival time                                                148.83

  clock Clk_CI (rise edge)                              150.00     150.00
  clock network delay (ideal)                             0.00     150.00
  FF_cos_OUT/Q_DO_reg[18]/CLK (DFFARX1)                   0.00     150.00 r
  library setup time                                     -0.07     149.93
  data required time                                               149.93
  --------------------------------------------------------------------------
  data required time                                               149.93
  data arrival time                                               -148.83
  --------------------------------------------------------------------------
  slack (MET)                                                        1.10


1
